{"/Users/Mimmo/Projects/pig-pong/features/support/world.js":{"path":"/Users/Mimmo/Projects/pig-pong/features/support/world.js","s":{"1":1,"2":1,"3":1,"4":4,"5":4,"6":0,"7":4,"8":1},"b":{},"f":{"1":4,"2":0},"fnMap":{"1":{"name":"World","line":3,"loc":{"start":{"line":3,"column":12},"end":{"line":3,"column":37}}},"2":{"name":"(anonymous_2)","line":8,"loc":{"start":{"line":8,"column":17},"end":{"line":8,"column":42}}}},"statementMap":{"1":{"start":{"line":1,"column":0},"end":{"line":1,"column":34}},"2":{"start":{"line":2,"column":0},"end":{"line":2,"column":31}},"3":{"start":{"line":3,"column":0},"end":{"line":13,"column":2}},"4":{"start":{"line":6,"column":4},"end":{"line":6,"column":32}},"5":{"start":{"line":8,"column":4},"end":{"line":10,"column":6}},"6":{"start":{"line":9,"column":8},"end":{"line":9,"column":42}},"7":{"start":{"line":12,"column":4},"end":{"line":12,"column":15}},"8":{"start":{"line":15,"column":0},"end":{"line":15,"column":22}}},"branchMap":{}},"/Users/Mimmo/Projects/pig-pong/server.js":{"path":"/Users/Mimmo/Projects/pig-pong/server.js","s":{"1":1,"2":1,"3":1,"4":1,"5":1,"6":1,"7":1,"8":1,"9":1,"10":1,"11":1,"12":4,"13":1,"14":2,"15":1,"16":0,"17":0,"18":1,"19":1,"20":1},"b":{"1":[1,1]},"f":{"1":4,"2":2,"3":0,"4":1},"fnMap":{"1":{"name":"(anonymous_1)","line":14,"loc":{"start":{"line":14,"column":13},"end":{"line":14,"column":40}}},"2":{"name":"(anonymous_2)","line":18,"loc":{"start":{"line":18,"column":14},"end":{"line":18,"column":33}}},"3":{"name":"(anonymous_3)","line":22,"loc":{"start":{"line":22,"column":17},"end":{"line":22,"column":44}}},"4":{"name":"(anonymous_4)","line":27,"loc":{"start":{"line":27,"column":31},"end":{"line":27,"column":41}}}},"statementMap":{"1":{"start":{"line":1,"column":0},"end":{"line":1,"column":33}},"2":{"start":{"line":2,"column":0},"end":{"line":2,"column":20}},"3":{"start":{"line":3,"column":0},"end":{"line":3,"column":40}},"4":{"start":{"line":4,"column":0},"end":{"line":4,"column":47}},"5":{"start":{"line":5,"column":0},"end":{"line":5,"column":52}},"6":{"start":{"line":7,"column":0},"end":{"line":7,"column":30}},"7":{"start":{"line":8,"column":0},"end":{"line":8,"column":47}},"8":{"start":{"line":9,"column":0},"end":{"line":9,"column":52}},"9":{"start":{"line":10,"column":0},"end":{"line":10,"column":27}},"10":{"start":{"line":12,"column":0},"end":{"line":12,"column":43}},"11":{"start":{"line":14,"column":0},"end":{"line":16,"column":3}},"12":{"start":{"line":15,"column":2},"end":{"line":15,"column":27}},"13":{"start":{"line":18,"column":0},"end":{"line":20,"column":3}},"14":{"start":{"line":19,"column":2},"end":{"line":19,"column":52}},"15":{"start":{"line":22,"column":0},"end":{"line":25,"column":3}},"16":{"start":{"line":23,"column":2},"end":{"line":23,"column":26}},"17":{"start":{"line":24,"column":2},"end":{"line":24,"column":37}},"18":{"start":{"line":27,"column":0},"end":{"line":29,"column":3}},"19":{"start":{"line":28,"column":2},"end":{"line":28,"column":54}},"20":{"start":{"line":31,"column":0},"end":{"line":31,"column":24}}},"branchMap":{"1":{"line":12,"type":"binary-expr","locations":[{"start":{"line":12,"column":17},"end":{"line":12,"column":33}},{"start":{"line":12,"column":37},"end":{"line":12,"column":41}}]}}},"/Users/Mimmo/Projects/pig-pong/features/step_definitions/userSteps.js":{"path":"/Users/Mimmo/Projects/pig-pong/features/step_definitions/userSteps.js","s":{"1":1,"2":1,"3":1,"4":1,"5":4,"6":1,"7":2,"8":2,"9":1,"10":2,"11":2,"12":1,"13":2,"14":2,"15":1,"16":2,"17":2,"18":1,"19":5,"20":5,"21":1},"b":{},"f":{"1":1,"2":4,"3":2,"4":2,"5":2,"6":2,"7":2,"8":5},"fnMap":{"1":{"name":"(anonymous_1)","line":1,"loc":{"start":{"line":1,"column":23},"end":{"line":1,"column":35}}},"2":{"name":"(anonymous_2)","line":5,"loc":{"start":{"line":5,"column":39},"end":{"line":5,"column":59}}},"3":{"name":"(anonymous_3)","line":9,"loc":{"start":{"line":9,"column":50},"end":{"line":9,"column":77}}},"4":{"name":"(anonymous_4)","line":14,"loc":{"start":{"line":14,"column":37},"end":{"line":14,"column":63}}},"5":{"name":"(anonymous_5)","line":19,"loc":{"start":{"line":19,"column":33},"end":{"line":19,"column":53}}},"6":{"name":"(anonymous_6)","line":24,"loc":{"start":{"line":24,"column":29},"end":{"line":24,"column":49}}},"7":{"name":"(anonymous_7)","line":25,"loc":{"start":{"line":25,"column":39},"end":{"line":25,"column":50}}},"8":{"name":"(anonymous_8)","line":30,"loc":{"start":{"line":30,"column":49},"end":{"line":30,"column":75}}}},"statementMap":{"1":{"start":{"line":1,"column":0},"end":{"line":34,"column":2}},"2":{"start":{"line":2,"column":2},"end":{"line":2,"column":33}},"3":{"start":{"line":3,"column":2},"end":{"line":3,"column":52}},"4":{"start":{"line":5,"column":2},"end":{"line":7,"column":5}},"5":{"start":{"line":6,"column":4},"end":{"line":6,"column":59}},"6":{"start":{"line":9,"column":2},"end":{"line":12,"column":5}},"7":{"start":{"line":10,"column":4},"end":{"line":10,"column":52}},"8":{"start":{"line":11,"column":4},"end":{"line":11,"column":15}},"9":{"start":{"line":14,"column":2},"end":{"line":17,"column":5}},"10":{"start":{"line":15,"column":4},"end":{"line":15,"column":48}},"11":{"start":{"line":16,"column":4},"end":{"line":16,"column":15}},"12":{"start":{"line":19,"column":2},"end":{"line":22,"column":5}},"13":{"start":{"line":20,"column":4},"end":{"line":20,"column":42}},"14":{"start":{"line":21,"column":4},"end":{"line":21,"column":15}},"15":{"start":{"line":24,"column":2},"end":{"line":28,"column":5}},"16":{"start":{"line":25,"column":4},"end":{"line":27,"column":7}},"17":{"start":{"line":26,"column":4},"end":{"line":26,"column":15}},"18":{"start":{"line":30,"column":2},"end":{"line":33,"column":5}},"19":{"start":{"line":31,"column":4},"end":{"line":31,"column":47}},"20":{"start":{"line":32,"column":4},"end":{"line":32,"column":15}},"21":{"start":{"line":36,"column":0},"end":{"line":36,"column":34}}},"branchMap":{}}}